app/build/intermediates/manifest_merge_blame_file/debug/processDebugMainManifest/manifest-merger-blame-debug-report.txt
1<?xml version="1.0" encoding="utf-8"?>
2<manifest xmlns:android="http://schemas.android.com/apk/res/android"
3    package="com.alcineo.bonappetit"
4    android:versionCode="4010"
5    android:versionName="4.0.10" >
6
7    <uses-sdk
8        android:minSdkVersion="33"
9        android:targetSdkVersion="34" />
10
11    <uses-permission android:name="android.permission.ACCESS_NETWORK_STATE" />
11-->src/main/AndroidManifest.xml:6:5-79
11-->src/main/AndroidManifest.xml:6:22-76
12    <uses-permission android:name="android.permission.INTERNET" />
12-->src/main/AndroidManifest.xml:7:5-67
12-->src/main/AndroidManifest.xml:7:22-64
13    <uses-permission android:name="android.permission.READ_EXTERNAL_STORAGE" />
13-->src/main/AndroidManifest.xml:8:5-80
13-->src/main/AndroidManifest.xml:8:22-77
14    <uses-permission android:name="android.permission.VIBRATE" />
14-->[VisaSensoryBranding-1.0.6.aar] AndroidManifest.xml:11:5-66
14-->[VisaSensoryBranding-1.0.6.aar] AndroidManifest.xml:11:22-63
15    <uses-permission android:name="android.permission.CAMERA" />
15-->[softpos-1.0.17-SecurityUnprotectedRelease-protected.aar] AndroidManifest.xml:24:5-65
15-->[softpos-1.0.17-SecurityUnprotectedRelease-protected.aar] AndroidManifest.xml:24:22-62
16    <uses-permission android:name="android.permission.NFC" />
16-->[softpos-1.0.17-SecurityUnprotectedRelease-protected.aar] AndroidManifest.xml:25:5-62
16-->[softpos-1.0.17-SecurityUnprotectedRelease-protected.aar] AndroidManifest.xml:25:22-59
17    <uses-permission android:name="android.permission.READ_PHONE_STATE" /> <!-- Protection against overlay -->
17-->[softpos-1.0.17-SecurityUnprotectedRelease-protected.aar] AndroidManifest.xml:26:5-75
17-->[softpos-1.0.17-SecurityUnprotectedRelease-protected.aar] AndroidManifest.xml:26:22-72
18    <uses-permission android:name="android.permission.HIDE_OVERLAY_WINDOWS" /> <!-- Used for check root -->
18-->[softpos-1.0.17-SecurityUnprotectedRelease-protected.aar] AndroidManifest.xml:28:5-79
18-->[softpos-1.0.17-SecurityUnprotectedRelease-protected.aar] AndroidManifest.xml:28:22-76
19    <uses-permission android:name="android.permission.QUERY_ALL_PACKAGES" />
19-->[softpos-1.0.17-SecurityUnprotectedRelease-protected.aar] AndroidManifest.xml:29:5-77
19-->[softpos-1.0.17-SecurityUnprotectedRelease-protected.aar] AndroidManifest.xml:29:22-74
20    <uses-permission android:name="android.permission.REORDER_TASKS" />
20-->[androidx.fragment:fragment-testing-manifest:1.8.6] AndroidManifest.xml:23:5-72
20-->[androidx.fragment:fragment-testing-manifest:1.8.6] AndroidManifest.xml:23:22-69
21    <uses-permission android:name="android.permission.WAKE_LOCK" />
21-->[androidx.work:work-runtime:2.9.1] AndroidManifest.xml:23:5-68
21-->[androidx.work:work-runtime:2.9.1] AndroidManifest.xml:23:22-65
22    <uses-permission android:name="android.permission.RECEIVE_BOOT_COMPLETED" />
22-->[androidx.work:work-runtime:2.9.1] AndroidManifest.xml:25:5-81
22-->[androidx.work:work-runtime:2.9.1] AndroidManifest.xml:25:22-78
23    <uses-permission android:name="android.permission.FOREGROUND_SERVICE" />
23-->[androidx.work:work-runtime:2.9.1] AndroidManifest.xml:26:5-77
23-->[androidx.work:work-runtime:2.9.1] AndroidManifest.xml:26:22-74
24
25    <permission
25-->[androidx.core:core:1.13.0] AndroidManifest.xml:22:5-24:47
26        android:name="com.alcineo.bonappetit.DYNAMIC_RECEIVER_NOT_EXPORTED_PERMISSION"
26-->[androidx.core:core:1.13.0] AndroidManifest.xml:23:9-81
27        android:protectionLevel="signature" />
27-->[androidx.core:core:1.13.0] AndroidManifest.xml:24:9-44
28
29    <uses-permission android:name="com.alcineo.bonappetit.DYNAMIC_RECEIVER_NOT_EXPORTED_PERMISSION" />
29-->[androidx.core:core:1.13.0] AndroidManifest.xml:26:5-97
29-->[androidx.core:core:1.13.0] AndroidManifest.xml:26:22-94
30
31    <application
31-->src/main/AndroidManifest.xml:10:5-34:19
32        android:name="com.alcineo.bonappetit.BonAppetitApplication"
32-->src/main/AndroidManifest.xml:11:9-46
33        android:allowBackup="false"
33-->src/main/AndroidManifest.xml:12:9-36
34        android:appComponentFactory="androidx.core.app.CoreComponentFactory"
34-->[androidx.core:core:1.13.0] AndroidManifest.xml:28:18-86
35        android:debuggable="true"
36        android:extractNativeLibs="false"
37        android:icon="@mipmap/ic_launcher"
37-->src/main/AndroidManifest.xml:13:9-43
38        android:label="@string/app_name"
38-->src/main/AndroidManifest.xml:14:9-41
39        android:roundIcon="@mipmap/ic_launcher_round"
39-->src/main/AndroidManifest.xml:15:9-54
40        android:supportsRtl="true"
40-->src/main/AndroidManifest.xml:16:9-35
41        android:theme="@style/AppTheme"
41-->src/main/AndroidManifest.xml:17:9-40
42        android:usesCleartextTraffic="true" >
42-->src/main/AndroidManifest.xml:19:9-44
43
44        <!-- Only for test (TR34 injection) android:usesCleartextTraffic="true" -->
45
46        <activity
46-->src/main/AndroidManifest.xml:23:9-32:20
47            android:name="com.alcineo.bonappetit.ui.MainActivity"
47-->src/main/AndroidManifest.xml:24:13-66
48            android:exported="true"
48-->src/main/AndroidManifest.xml:25:13-36
49            android:screenOrientation="portrait" > <!-- fix for ava big tab -->
49-->src/main/AndroidManifest.xml:26:13-49
50            <!-- android:screenOrientation="userPortrait"> &lt;!&ndash; fix for ava big tab &ndash;&gt; -->
51            <intent-filter>
51-->src/main/AndroidManifest.xml:28:13-31:29
52                <action android:name="android.intent.action.MAIN" />
52-->src/main/AndroidManifest.xml:29:17-69
52-->src/main/AndroidManifest.xml:29:25-66
53
54                <category android:name="android.intent.category.LAUNCHER" />
54-->src/main/AndroidManifest.xml:30:17-77
54-->src/main/AndroidManifest.xml:30:27-74
55            </intent-filter>
56        </activity>
57        <activity
57-->[androidx.fragment:fragment-testing-manifest:1.8.6] AndroidManifest.xml:26:9-35:20
58            android:name="androidx.fragment.app.testing.EmptyFragmentActivity"
58-->[androidx.fragment:fragment-testing-manifest:1.8.6] AndroidManifest.xml:27:13-79
59            android:exported="true"
59-->[androidx.fragment:fragment-testing-manifest:1.8.6] AndroidManifest.xml:28:13-36
60            android:multiprocess="true"
60-->[androidx.fragment:fragment-testing-manifest:1.8.6] AndroidManifest.xml:29:13-40
61            android:taskAffinity=""
61-->[androidx.fragment:fragment-testing-manifest:1.8.6] AndroidManifest.xml:30:13-36
62            android:theme="@style/FragmentScenarioEmptyFragmentActivityTheme" >
62-->[androidx.fragment:fragment-testing-manifest:1.8.6] AndroidManifest.xml:31:13-78
63            <intent-filter>
63-->[androidx.fragment:fragment-testing-manifest:1.8.6] AndroidManifest.xml:32:13-34:29
64                <action android:name="android.intent.action.MAIN" />
64-->src/main/AndroidManifest.xml:29:17-69
64-->src/main/AndroidManifest.xml:29:25-66
65            </intent-filter>
66        </activity>
67
68        <provider
68-->[androidx.work:work-runtime:2.9.1] AndroidManifest.xml:29:9-37:20
69            android:name="androidx.startup.InitializationProvider"
69-->[androidx.work:work-runtime:2.9.1] AndroidManifest.xml:30:13-67
70            android:authorities="com.alcineo.bonappetit.androidx-startup"
70-->[androidx.work:work-runtime:2.9.1] AndroidManifest.xml:31:13-68
71            android:exported="false" >
71-->[androidx.work:work-runtime:2.9.1] AndroidManifest.xml:32:13-37
72            <meta-data
72-->[androidx.work:work-runtime:2.9.1] AndroidManifest.xml:34:13-36:52
73                android:name="androidx.work.WorkManagerInitializer"
73-->[androidx.work:work-runtime:2.9.1] AndroidManifest.xml:35:17-68
74                android:value="androidx.startup" />
74-->[androidx.work:work-runtime:2.9.1] AndroidManifest.xml:36:17-49
75            <meta-data
75-->[androidx.emoji2:emoji2:1.2.0] AndroidManifest.xml:29:13-31:52
76                android:name="androidx.emoji2.text.EmojiCompatInitializer"
76-->[androidx.emoji2:emoji2:1.2.0] AndroidManifest.xml:30:17-75
77                android:value="androidx.startup" />
77-->[androidx.emoji2:emoji2:1.2.0] AndroidManifest.xml:31:17-49
78            <meta-data
78-->[androidx.lifecycle:lifecycle-process:2.8.7] AndroidManifest.xml:29:13-31:52
79                android:name="androidx.lifecycle.ProcessLifecycleInitializer"
79-->[androidx.lifecycle:lifecycle-process:2.8.7] AndroidManifest.xml:30:17-78
80                android:value="androidx.startup" />
80-->[androidx.lifecycle:lifecycle-process:2.8.7] AndroidManifest.xml:31:17-49
81            <meta-data
81-->[androidx.profileinstaller:profileinstaller:1.4.0] AndroidManifest.xml:29:13-31:52
82                android:name="androidx.profileinstaller.ProfileInstallerInitializer"
82-->[androidx.profileinstaller:profileinstaller:1.4.0] AndroidManifest.xml:30:17-85
83                android:value="androidx.startup" />
83-->[androidx.profileinstaller:profileinstaller:1.4.0] AndroidManifest.xml:31:17-49
84        </provider>
85
86        <service
86-->[androidx.work:work-runtime:2.9.1] AndroidManifest.xml:39:9-45:35
87            android:name="androidx.work.impl.background.systemalarm.SystemAlarmService"
87-->[androidx.work:work-runtime:2.9.1] AndroidManifest.xml:40:13-88
88            android:directBootAware="false"
88-->[androidx.work:work-runtime:2.9.1] AndroidManifest.xml:41:13-44
89            android:enabled="@bool/enable_system_alarm_service_default"
89-->[androidx.work:work-runtime:2.9.1] AndroidManifest.xml:42:13-72
90            android:exported="false" />
90-->[androidx.work:work-runtime:2.9.1] AndroidManifest.xml:43:13-37
91        <service
91-->[androidx.work:work-runtime:2.9.1] AndroidManifest.xml:46:9-52:35
92            android:name="androidx.work.impl.background.systemjob.SystemJobService"
92-->[androidx.work:work-runtime:2.9.1] AndroidManifest.xml:47:13-84
93            android:directBootAware="false"
93-->[androidx.work:work-runtime:2.9.1] AndroidManifest.xml:48:13-44
94            android:enabled="@bool/enable_system_job_service_default"
94-->[androidx.work:work-runtime:2.9.1] AndroidManifest.xml:49:13-70
95            android:exported="true"
95-->[androidx.work:work-runtime:2.9.1] AndroidManifest.xml:50:13-36
96            android:permission="android.permission.BIND_JOB_SERVICE" />
96-->[androidx.work:work-runtime:2.9.1] AndroidManifest.xml:51:13-69
97        <service
97-->[androidx.work:work-runtime:2.9.1] AndroidManifest.xml:53:9-59:35
98            android:name="androidx.work.impl.foreground.SystemForegroundService"
98-->[androidx.work:work-runtime:2.9.1] AndroidManifest.xml:54:13-81
99            android:directBootAware="false"
99-->[androidx.work:work-runtime:2.9.1] AndroidManifest.xml:55:13-44
100            android:enabled="@bool/enable_system_foreground_service_default"
100-->[androidx.work:work-runtime:2.9.1] AndroidManifest.xml:56:13-77
101            android:exported="false" />
101-->[androidx.work:work-runtime:2.9.1] AndroidManifest.xml:57:13-37
102
103        <receiver
103-->[androidx.work:work-runtime:2.9.1] AndroidManifest.xml:61:9-66:35
104            android:name="androidx.work.impl.utils.ForceStopRunnable$BroadcastReceiver"
104-->[androidx.work:work-runtime:2.9.1] AndroidManifest.xml:62:13-88
105            android:directBootAware="false"
105-->[androidx.work:work-runtime:2.9.1] AndroidManifest.xml:63:13-44
106            android:enabled="true"
106-->[androidx.work:work-runtime:2.9.1] AndroidManifest.xml:64:13-35
107            android:exported="false" />
107-->[androidx.work:work-runtime:2.9.1] AndroidManifest.xml:65:13-37
108        <receiver
108-->[androidx.work:work-runtime:2.9.1] AndroidManifest.xml:67:9-77:20
109            android:name="androidx.work.impl.background.systemalarm.ConstraintProxy$BatteryChargingProxy"
109-->[androidx.work:work-runtime:2.9.1] AndroidManifest.xml:68:13-106
110            android:directBootAware="false"
110-->[androidx.work:work-runtime:2.9.1] AndroidManifest.xml:69:13-44
111            android:enabled="false"
111-->[androidx.work:work-runtime:2.9.1] AndroidManifest.xml:70:13-36
112            android:exported="false" >
112-->[androidx.work:work-runtime:2.9.1] AndroidManifest.xml:71:13-37
113            <intent-filter>
113-->[androidx.work:work-runtime:2.9.1] AndroidManifest.xml:73:13-76:29
114                <action android:name="android.intent.action.ACTION_POWER_CONNECTED" />
114-->[androidx.work:work-runtime:2.9.1] AndroidManifest.xml:74:17-87
114-->[androidx.work:work-runtime:2.9.1] AndroidManifest.xml:74:25-84
115                <action android:name="android.intent.action.ACTION_POWER_DISCONNECTED" />
115-->[androidx.work:work-runtime:2.9.1] AndroidManifest.xml:75:17-90
115-->[androidx.work:work-runtime:2.9.1] AndroidManifest.xml:75:25-87
116            </intent-filter>
117        </receiver>
118        <receiver
118-->[androidx.work:work-runtime:2.9.1] AndroidManifest.xml:78:9-88:20
119            android:name="androidx.work.impl.background.systemalarm.ConstraintProxy$BatteryNotLowProxy"
119-->[androidx.work:work-runtime:2.9.1] AndroidManifest.xml:79:13-104
120            android:directBootAware="false"
120-->[androidx.work:work-runtime:2.9.1] AndroidManifest.xml:80:13-44
121            android:enabled="false"
121-->[androidx.work:work-runtime:2.9.1] AndroidManifest.xml:81:13-36
122            android:exported="false" >
122-->[androidx.work:work-runtime:2.9.1] AndroidManifest.xml:82:13-37
123            <intent-filter>
123-->[androidx.work:work-runtime:2.9.1] AndroidManifest.xml:84:13-87:29
124                <action android:name="android.intent.action.BATTERY_OKAY" />
124-->[androidx.work:work-runtime:2.9.1] AndroidManifest.xml:85:17-77
124-->[androidx.work:work-runtime:2.9.1] AndroidManifest.xml:85:25-74
125                <action android:name="android.intent.action.BATTERY_LOW" />
125-->[androidx.work:work-runtime:2.9.1] AndroidManifest.xml:86:17-76
125-->[androidx.work:work-runtime:2.9.1] AndroidManifest.xml:86:25-73
126            </intent-filter>
127        </receiver>
128        <receiver
128-->[androidx.work:work-runtime:2.9.1] AndroidManifest.xml:89:9-99:20
129            android:name="androidx.work.impl.background.systemalarm.ConstraintProxy$StorageNotLowProxy"
129-->[androidx.work:work-runtime:2.9.1] AndroidManifest.xml:90:13-104
130            android:directBootAware="false"
130-->[androidx.work:work-runtime:2.9.1] AndroidManifest.xml:91:13-44
131            android:enabled="false"
131-->[androidx.work:work-runtime:2.9.1] AndroidManifest.xml:92:13-36
132            android:exported="false" >
132-->[androidx.work:work-runtime:2.9.1] AndroidManifest.xml:93:13-37
133            <intent-filter>
133-->[androidx.work:work-runtime:2.9.1] AndroidManifest.xml:95:13-98:29
134                <action android:name="android.intent.action.DEVICE_STORAGE_LOW" />
134-->[androidx.work:work-runtime:2.9.1] AndroidManifest.xml:96:17-83
134-->[androidx.work:work-runtime:2.9.1] AndroidManifest.xml:96:25-80
135                <action android:name="android.intent.action.DEVICE_STORAGE_OK" />
135-->[androidx.work:work-runtime:2.9.1] AndroidManifest.xml:97:17-82
135-->[androidx.work:work-runtime:2.9.1] AndroidManifest.xml:97:25-79
136            </intent-filter>
137        </receiver>
138        <receiver
138-->[androidx.work:work-runtime:2.9.1] AndroidManifest.xml:100:9-109:20
139            android:name="androidx.work.impl.background.systemalarm.ConstraintProxy$NetworkStateProxy"
139-->[androidx.work:work-runtime:2.9.1] AndroidManifest.xml:101:13-103
140            android:directBootAware="false"
140-->[androidx.work:work-runtime:2.9.1] AndroidManifest.xml:102:13-44
141            android:enabled="false"
141-->[androidx.work:work-runtime:2.9.1] AndroidManifest.xml:103:13-36
142            android:exported="false" >
142-->[androidx.work:work-runtime:2.9.1] AndroidManifest.xml:104:13-37
143            <intent-filter>
143-->[androidx.work:work-runtime:2.9.1] AndroidManifest.xml:106:13-108:29
144                <action android:name="android.net.conn.CONNECTIVITY_CHANGE" />
144-->[androidx.work:work-runtime:2.9.1] AndroidManifest.xml:107:17-79
144-->[androidx.work:work-runtime:2.9.1] AndroidManifest.xml:107:25-76
145            </intent-filter>
146        </receiver>
147        <receiver
147-->[androidx.work:work-runtime:2.9.1] AndroidManifest.xml:110:9-121:20
148            android:name="androidx.work.impl.background.systemalarm.RescheduleReceiver"
148-->[androidx.work:work-runtime:2.9.1] AndroidManifest.xml:111:13-88
149            android:directBootAware="false"
149-->[androidx.work:work-runtime:2.9.1] AndroidManifest.xml:112:13-44
150            android:enabled="false"
150-->[androidx.work:work-runtime:2.9.1] AndroidManifest.xml:113:13-36
151            android:exported="false" >
151-->[androidx.work:work-runtime:2.9.1] AndroidManifest.xml:114:13-37
152            <intent-filter>
152-->[androidx.work:work-runtime:2.9.1] AndroidManifest.xml:116:13-120:29
153                <action android:name="android.intent.action.BOOT_COMPLETED" />
153-->[androidx.work:work-runtime:2.9.1] AndroidManifest.xml:117:17-79
153-->[androidx.work:work-runtime:2.9.1] AndroidManifest.xml:117:25-76
154                <action android:name="android.intent.action.TIME_SET" />
154-->[androidx.work:work-runtime:2.9.1] AndroidManifest.xml:118:17-73
154-->[androidx.work:work-runtime:2.9.1] AndroidManifest.xml:118:25-70
155                <action android:name="android.intent.action.TIMEZONE_CHANGED" />
155-->[androidx.work:work-runtime:2.9.1] AndroidManifest.xml:119:17-81
155-->[androidx.work:work-runtime:2.9.1] AndroidManifest.xml:119:25-78
156            </intent-filter>
157        </receiver>
158        <receiver
158-->[androidx.work:work-runtime:2.9.1] AndroidManifest.xml:122:9-131:20
159            android:name="androidx.work.impl.background.systemalarm.ConstraintProxyUpdateReceiver"
159-->[androidx.work:work-runtime:2.9.1] AndroidManifest.xml:123:13-99
160            android:directBootAware="false"
160-->[androidx.work:work-runtime:2.9.1] AndroidManifest.xml:124:13-44
161            android:enabled="@bool/enable_system_alarm_service_default"
161-->[androidx.work:work-runtime:2.9.1] AndroidManifest.xml:125:13-72
162            android:exported="false" >
162-->[androidx.work:work-runtime:2.9.1] AndroidManifest.xml:126:13-37
163            <intent-filter>
163-->[androidx.work:work-runtime:2.9.1] AndroidManifest.xml:128:13-130:29
164                <action android:name="androidx.work.impl.background.systemalarm.UpdateProxies" />
164-->[androidx.work:work-runtime:2.9.1] AndroidManifest.xml:129:17-98
164-->[androidx.work:work-runtime:2.9.1] AndroidManifest.xml:129:25-95
165            </intent-filter>
166        </receiver>
167        <receiver
167-->[androidx.work:work-runtime:2.9.1] AndroidManifest.xml:132:9-142:20
168            android:name="androidx.work.impl.diagnostics.DiagnosticsReceiver"
168-->[androidx.work:work-runtime:2.9.1] AndroidManifest.xml:133:13-78
169            android:directBootAware="false"
169-->[androidx.work:work-runtime:2.9.1] AndroidManifest.xml:134:13-44
170            android:enabled="true"
170-->[androidx.work:work-runtime:2.9.1] AndroidManifest.xml:135:13-35
171            android:exported="true"
171-->[androidx.work:work-runtime:2.9.1] AndroidManifest.xml:136:13-36
172            android:permission="android.permission.DUMP" >
172-->[androidx.work:work-runtime:2.9.1] AndroidManifest.xml:137:13-57
173            <intent-filter>
173-->[androidx.work:work-runtime:2.9.1] AndroidManifest.xml:139:13-141:29
174                <action android:name="androidx.work.diagnostics.REQUEST_DIAGNOSTICS" />
174-->[androidx.work:work-runtime:2.9.1] AndroidManifest.xml:140:17-88
174-->[androidx.work:work-runtime:2.9.1] AndroidManifest.xml:140:25-85
175            </intent-filter>
176        </receiver>
177
178        <uses-library
178-->[androidx.window:window:1.0.0] AndroidManifest.xml:25:9-27:40
179            android:name="androidx.window.extensions"
179-->[androidx.window:window:1.0.0] AndroidManifest.xml:26:13-54
180            android:required="false" />
180-->[androidx.window:window:1.0.0] AndroidManifest.xml:27:13-37
181        <uses-library
181-->[androidx.window:window:1.0.0] AndroidManifest.xml:28:9-30:40
182            android:name="androidx.window.sidecar"
182-->[androidx.window:window:1.0.0] AndroidManifest.xml:29:13-51
183            android:required="false" />
183-->[androidx.window:window:1.0.0] AndroidManifest.xml:30:13-37
184
185        <activity
185-->[androidx.test:core:1.5.0] AndroidManifest.xml:27:9-34:20
186            android:name="androidx.test.core.app.InstrumentationActivityInvoker$BootstrapActivity"
186-->[androidx.test:core:1.5.0] AndroidManifest.xml:28:13-99
187            android:exported="true"
187-->[androidx.test:core:1.5.0] AndroidManifest.xml:29:13-36
188            android:theme="@style/WhiteBackgroundTheme" >
188-->[androidx.test:core:1.5.0] AndroidManifest.xml:30:13-56
189            <intent-filter android:priority="-100" >
189-->[androidx.test:core:1.5.0] AndroidManifest.xml:31:13-33:29
189-->[androidx.test:core:1.5.0] AndroidManifest.xml:31:28-51
190                <category android:name="android.intent.category.LAUNCHER" />
190-->src/main/AndroidManifest.xml:30:17-77
190-->src/main/AndroidManifest.xml:30:27-74
191            </intent-filter>
192        </activity>
193        <activity
193-->[androidx.test:core:1.5.0] AndroidManifest.xml:35:9-42:20
194            android:name="androidx.test.core.app.InstrumentationActivityInvoker$EmptyActivity"
194-->[androidx.test:core:1.5.0] AndroidManifest.xml:36:13-95
195            android:exported="true"
195-->[androidx.test:core:1.5.0] AndroidManifest.xml:37:13-36
196            android:theme="@style/WhiteBackgroundTheme" >
196-->[androidx.test:core:1.5.0] AndroidManifest.xml:38:13-56
197            <intent-filter android:priority="-100" >
197-->[androidx.test:core:1.5.0] AndroidManifest.xml:31:13-33:29
197-->[androidx.test:core:1.5.0] AndroidManifest.xml:31:28-51
198                <category android:name="android.intent.category.LAUNCHER" />
198-->src/main/AndroidManifest.xml:30:17-77
198-->src/main/AndroidManifest.xml:30:27-74
199            </intent-filter>
200        </activity>
201        <activity
201-->[androidx.test:core:1.5.0] AndroidManifest.xml:43:9-50:20
202            android:name="androidx.test.core.app.InstrumentationActivityInvoker$EmptyFloatingActivity"
202-->[androidx.test:core:1.5.0] AndroidManifest.xml:44:13-103
203            android:exported="true"
203-->[androidx.test:core:1.5.0] AndroidManifest.xml:45:13-36
204            android:theme="@style/WhiteBackgroundDialogTheme" >
204-->[androidx.test:core:1.5.0] AndroidManifest.xml:46:13-62
205            <intent-filter android:priority="-100" >
205-->[androidx.test:core:1.5.0] AndroidManifest.xml:31:13-33:29
205-->[androidx.test:core:1.5.0] AndroidManifest.xml:31:28-51
206                <category android:name="android.intent.category.LAUNCHER" />
206-->src/main/AndroidManifest.xml:30:17-77
206-->src/main/AndroidManifest.xml:30:27-74
207            </intent-filter>
208        </activity>
209
210        <receiver
210-->[androidx.profileinstaller:profileinstaller:1.4.0] AndroidManifest.xml:34:9-52:20
211            android:name="androidx.profileinstaller.ProfileInstallReceiver"
211-->[androidx.profileinstaller:profileinstaller:1.4.0] AndroidManifest.xml:35:13-76
212            android:directBootAware="false"
212-->[androidx.profileinstaller:profileinstaller:1.4.0] AndroidManifest.xml:36:13-44
213            android:enabled="true"
213-->[androidx.profileinstaller:profileinstaller:1.4.0] AndroidManifest.xml:37:13-35
214            android:exported="true"
214-->[androidx.profileinstaller:profileinstaller:1.4.0] AndroidManifest.xml:38:13-36
215            android:permission="android.permission.DUMP" >
215-->[androidx.profileinstaller:profileinstaller:1.4.0] AndroidManifest.xml:39:13-57
216            <intent-filter>
216-->[androidx.profileinstaller:profileinstaller:1.4.0] AndroidManifest.xml:40:13-42:29
217                <action android:name="androidx.profileinstaller.action.INSTALL_PROFILE" />
217-->[androidx.profileinstaller:profileinstaller:1.4.0] AndroidManifest.xml:41:17-91
217-->[androidx.profileinstaller:profileinstaller:1.4.0] AndroidManifest.xml:41:25-88
218            </intent-filter>
219            <intent-filter>
219-->[androidx.profileinstaller:profileinstaller:1.4.0] AndroidManifest.xml:43:13-45:29
220                <action android:name="androidx.profileinstaller.action.SKIP_FILE" />
220-->[androidx.profileinstaller:profileinstaller:1.4.0] AndroidManifest.xml:44:17-85
220-->[androidx.profileinstaller:profileinstaller:1.4.0] AndroidManifest.xml:44:25-82
221            </intent-filter>
222            <intent-filter>
222-->[androidx.profileinstaller:profileinstaller:1.4.0] AndroidManifest.xml:46:13-48:29
223                <action android:name="androidx.profileinstaller.action.SAVE_PROFILE" />
223-->[androidx.profileinstaller:profileinstaller:1.4.0] AndroidManifest.xml:47:17-88
223-->[androidx.profileinstaller:profileinstaller:1.4.0] AndroidManifest.xml:47:25-85
224            </intent-filter>
225            <intent-filter>
225-->[androidx.profileinstaller:profileinstaller:1.4.0] AndroidManifest.xml:49:13-51:29
226                <action android:name="androidx.profileinstaller.action.BENCHMARK_OPERATION" />
226-->[androidx.profileinstaller:profileinstaller:1.4.0] AndroidManifest.xml:50:17-95
226-->[androidx.profileinstaller:profileinstaller:1.4.0] AndroidManifest.xml:50:25-92
227            </intent-filter>
228        </receiver>
229
230        <service
230-->[androidx.room:room-runtime:2.5.0] AndroidManifest.xml:24:9-28:63
231            android:name="androidx.room.MultiInstanceInvalidationService"
231-->[androidx.room:room-runtime:2.5.0] AndroidManifest.xml:25:13-74
232            android:directBootAware="true"
232-->[androidx.room:room-runtime:2.5.0] AndroidManifest.xml:26:13-43
233            android:exported="false" />
233-->[androidx.room:room-runtime:2.5.0] AndroidManifest.xml:27:13-37
234    </application>
235
236</manifest>